<?xml version="1.0" encoding="UTF-8"?>
<!-- Generated by org.testng.reporters.JUnitReportReporter -->
<testsuite hostname="DESKTOP-CU6DRAP" failures="0" tests="1" name="Framework.SeleniumFramework.ExtentReport" time="9.707" errors="0" timestamp="2024-12-06T15:49:16 IST" skipped="0">
  <testcase classname="Framework.SeleniumFramework.ExtentReport" name="extentReportDemo" time="9.707"/>
  <system-out/>
</testsuite> <!-- Framework.SeleniumFramework.ExtentReport -->
