<?xml version="1.0" encoding="UTF-8"?>
<!-- Generated by org.testng.reporters.JUnitReportReporter -->
<testsuite hostname="DESKTOP-CU6DRAP" failures="0" tests="3" name="Framework.SeleniumFramework.EndToEndTestcase" time="30.320" errors="0" timestamp="2024-12-17T16:07:08 IST" skipped="0">
  <testcase classname="Framework.SeleniumFramework.EndToEndTestcase" name="endToEndTest" time="8.564"/>
  <system-out/>
  <testcase classname="Framework.SeleniumFramework.EndToEndTestcase" name="endToEndTest" time="17.499"/>
  <system-out/>
  <testcase classname="Framework.SeleniumFramework.EndToEndTestcase" name="viewOrderHistory" time="4.257"/>
  <system-out/>
</testsuite> <!-- Framework.SeleniumFramework.EndToEndTestcase -->
