<?xml version="1.0" encoding="UTF-8"?>
<!-- Generated by org.testng.reporters.JUnitReportReporter -->
<testsuite hostname="DESKTOP-CU6DRAP" failures="0" tests="2" name="Framework.SeleniumFramework.EndToEndTestcase" time="15.769" errors="0" timestamp="2024-12-09T15:05:29 IST" skipped="0">
  <testcase classname="Framework.SeleniumFramework.EndToEndTestcase" name="endToEndTest" time="6.060"/>
  <testcase classname="Framework.SeleniumFramework.EndToEndTestcase" name="endToEndTest" time="9.709"/>
</testsuite> <!-- Framework.SeleniumFramework.EndToEndTestcase -->
